0 info it worked if it ends with ok
1 verbose cli [ '/usr/local/bin/node',
1 verbose cli   '/usr/local/bin/npm',
1 verbose cli   '-g',
1 verbose cli   'install',
1 verbose cli   'forever' ]
2 info using npm@1.2.32
3 info using node@v0.10.12
4 verbose node symlink /usr/local/bin/node
5 verbose read json /usr/local/lib/package.json
6 verbose read json /usr/local/lib/package.json
7 verbose cache add [ 'forever', null ]
8 verbose cache add name=undefined spec="forever" args=["forever",null]
9 verbose parsed url { protocol: null,
9 verbose parsed url   slashes: null,
9 verbose parsed url   auth: null,
9 verbose parsed url   host: null,
9 verbose parsed url   port: null,
9 verbose parsed url   hostname: null,
9 verbose parsed url   hash: null,
9 verbose parsed url   search: null,
9 verbose parsed url   query: null,
9 verbose parsed url   pathname: 'forever',
9 verbose parsed url   path: 'forever',
9 verbose parsed url   href: 'forever' }
10 silly lockFile e07f8c4a-forever forever
11 verbose lock forever /root/.npm/e07f8c4a-forever.lock
12 silly lockFile e07f8c4a-forever forever
13 silly lockFile e07f8c4a-forever forever
14 verbose addNamed [ 'forever', '' ]
15 verbose addNamed [ null, '' ]
16 silly lockFile 28ef027b-forever forever@
17 verbose lock forever@ /root/.npm/28ef027b-forever.lock
18 silly addNameRange { name: 'forever', range: '', hasData: false }
19 verbose url raw forever
20 verbose url resolving [ 'https://registry.npmjs.org/', './forever' ]
21 verbose url resolved https://registry.npmjs.org/forever
22 info trying registry request attempt 1 at 23:06:13
23 http GET https://registry.npmjs.org/forever
24 info retry will retry, error on last attempt: Error: getaddrinfo ENOTFOUND
25 info trying registry request attempt 2 at 23:06:23
26 http GET https://registry.npmjs.org/forever
27 info retry will retry, error on last attempt: Error: getaddrinfo ENOTFOUND
28 info trying registry request attempt 3 at 23:07:23
29 http GET https://registry.npmjs.org/forever
30 silly lockFile 28ef027b-forever forever@
31 silly lockFile 28ef027b-forever forever@
32 error network getaddrinfo ENOTFOUND
32 error network This is most likely not a problem with npm itself
32 error network and is related to network connectivity.
32 error network In most cases you are behind a proxy or have bad network settings.
32 error network
32 error network If you are behind a proxy, please make sure that the
32 error network 'proxy' config is set properly.  See: 'npm help config'
33 error System Linux 3.6.11+
34 error command "/usr/local/bin/node" "/usr/local/bin/npm" "-g" "install" "forever"
35 error cwd /home/pi/apps/RaspiSerial-Tutorial-1/app
36 error node -v v0.10.12
37 error npm -v 1.2.32
38 error syscall getaddrinfo
39 error code ENOTFOUND
40 error errno ENOTFOUND
41 verbose exit [ 1, true ]
