0 info it worked if it ends with ok
1 verbose cli [ 'node', '/usr/local/bin/npm', 'install', '-g', 'component' ]
2 info using npm@1.1.66
3 info using node@v0.8.15
4 verbose read json /usr/local/lib/package.json
5 verbose read json /usr/local/lib/package.json
6 verbose cache add [ 'component', null ]
7 silly cache add name=undefined spec="component" args=["component",null]
8 verbose parsed url { pathname: 'component', path: 'component', href: 'component' }
9 silly lockFile 335c4c1e-component component
10 verbose lock component /Users/troytherrien/.npm/335c4c1e-component.lock
11 silly lockFile 335c4c1e-component component
12 verbose addNamed [ 'component', '' ]
13 verbose addNamed [ null, '' ]
14 silly lockFile fa4251c1-component component@
15 verbose lock component@ /Users/troytherrien/.npm/fa4251c1-component.lock
16 silly addNameRange { name: 'component', range: '', hasData: false }
17 verbose url raw component
18 verbose url resolving [ 'https://registry.npmjs.org/', './component' ]
19 verbose url resolved https://registry.npmjs.org/component
20 info trying registry request attempt 1 at 13:44:33
21 verbose etag "3NGT3QH7CZ6MQLPT53HZ3YJTX"
22 http GET https://registry.npmjs.org/component
23 http 200 https://registry.npmjs.org/component
24 silly registry.get cb [ 200,
24 silly registry.get   { vary: 'Accept',
24 silly registry.get     server: 'CouchDB/1.3.0 (Erlang OTP/R15B03)',
24 silly registry.get     etag: '"4G8U4AMQAN45VPQQ6IKZQN70P"',
24 silly registry.get     date: 'Wed, 17 Jul 2013 17:44:35 GMT',
24 silly registry.get     'content-type': 'application/json',
24 silly registry.get     'content-length': '449141' } ]
25 silly addNameRange number 2 { name: 'component', range: '', hasData: true }
26 silly addNameRange versions [ 'component',
26 silly addNameRange   [ '0.0.1',
26 silly addNameRange     '0.0.2',
26 silly addNameRange     '0.0.3',
26 silly addNameRange     '0.0.4',
26 silly addNameRange     '0.0.5',
26 silly addNameRange     '0.0.6',
26 silly addNameRange     '0.0.7',
26 silly addNameRange     '0.1.0',
26 silly addNameRange     '0.1.1',
26 silly addNameRange     '0.2.0',
26 silly addNameRange     '0.3.0',
26 silly addNameRange     '0.4.0',
26 silly addNameRange     '0.4.1',
26 silly addNameRange     '0.4.2',
26 silly addNameRange     '0.5.0',
26 silly addNameRange     '0.6.0',
26 silly addNameRange     '0.6.2',
26 silly addNameRange     '0.6.3',
26 silly addNameRange     '0.6.4',
26 silly addNameRange     '0.7.0',
26 silly addNameRange     '0.7.1',
26 silly addNameRange     '0.8.0',
26 silly addNameRange     '0.9.0',
26 silly addNameRange     '0.9.1',
26 silly addNameRange     '0.10.0',
26 silly addNameRange     '0.10.1',
26 silly addNameRange     '0.11.0',
26 silly addNameRange     '0.11.1',
26 silly addNameRange     '0.12.0',
26 silly addNameRange     '0.13.0',
26 silly addNameRange     '0.13.1',
26 silly addNameRange     '0.13.2',
26 silly addNameRange     '0.14.0',
26 silly addNameRange     '0.15.0',
26 silly addNameRange     '0.15.1',
26 silly addNameRange     '0.16.0',
26 silly addNameRange     '0.16.1',
26 silly addNameRange     '0.16.2',
26 silly addNameRange     '0.16.3',
26 silly addNameRange     '0.16.4',
26 silly addNameRange     '0.16.5',
26 silly addNameRange     '0.16.6',
26 silly addNameRange     '0.16.7',
26 silly addNameRange     '0.16.8' ] ]
27 verbose addNamed [ 'component', '0.16.8' ]
28 verbose addNamed [ '0.16.8', '0.16.8' ]
29 silly lockFile 351137f5-component-0-16-8 component@0.16.8
30 verbose lock component@0.16.8 /Users/troytherrien/.npm/351137f5-component-0-16-8.lock
31 silly lockFile 86d23ceb-g-component-component-0-16-8-tgz https://registry.npmjs.org/component/-/component-0.16.8.tgz
32 verbose lock https://registry.npmjs.org/component/-/component-0.16.8.tgz /Users/troytherrien/.npm/86d23ceb-g-component-component-0-16-8-tgz.lock
33 verbose addRemoteTarball [ 'https://registry.npmjs.org/component/-/component-0.16.8.tgz',
33 verbose addRemoteTarball   '6548e7e73f8f713b0b22db7a89fcc9fa2a261b67' ]
34 info retry fetch attempt 1 at 13:44:37
35 verbose fetch to= /var/folders/98/lqz4wj4971n1t0f0xcw_3lb00000gp/T/npm-33506/1374083077540-0.989962306804955/tmp.tgz
36 http GET https://registry.npmjs.org/component/-/component-0.16.8.tgz
37 http 200 https://registry.npmjs.org/component/-/component-0.16.8.tgz
38 silly shasum updated bytes 17975
39 info shasum 6548e7e73f8f713b0b22db7a89fcc9fa2a261b67
39 info shasum /var/folders/98/lqz4wj4971n1t0f0xcw_3lb00000gp/T/npm-33506/1374083077540-0.989962306804955/tmp.tgz
40 verbose tar unpack /var/folders/98/lqz4wj4971n1t0f0xcw_3lb00000gp/T/npm-33506/1374083077540-0.989962306804955/tmp.tgz
41 silly lockFile 1e3f7628-077540-0-989962306804955-package /var/folders/98/lqz4wj4971n1t0f0xcw_3lb00000gp/T/npm-33506/1374083077540-0.989962306804955/package
42 verbose lock /var/folders/98/lqz4wj4971n1t0f0xcw_3lb00000gp/T/npm-33506/1374083077540-0.989962306804955/package /Users/troytherrien/.npm/1e3f7628-077540-0-989962306804955-package.lock
43 silly gunzTarPerm modes [ '755', '644' ]
44 silly gunzTarPerm extractEntry package.json
45 silly gunzTarPerm extractEntry .npmignore
46 silly gunzTarPerm extractEntry index.js
47 silly gunzTarPerm extractEntry bin/component-help
48 silly gunzTarPerm extractEntry bin/component
49 silly gunzTarPerm extractEntry bin/component-changes
50 silly gunzTarPerm extractEntry bin/component-convert
51 silly gunzTarPerm extractEntry bin/component-create
52 silly gunzTarPerm extractEntry bin/component-build
53 silly gunzTarPerm extractEntry bin/component-info
54 silly gunzTarPerm extractEntry bin/component-install
55 silly gunzTarPerm extractEntry bin/component-ls
56 silly gunzTarPerm extractEntry bin/component-search
57 silly gunzTarPerm extractEntry bin/component-wiki
58 silly gunzTarPerm extractEntry component.json
59 silly gunzTarPerm extractEntry History.md
60 silly gunzTarPerm extractEntry lib/component.js
61 silly gunzTarPerm extractEntry lib/Package.js
62 silly gunzTarPerm extractEntry lib/utils.js
63 silly gunzTarPerm extractEntry Makefile
64 silly gunzTarPerm extractEntry Readme.md
65 silly gunzTarPerm extractEntry templates/readme.js
66 silly gunzTarPerm extractEntry templates/readme.md
67 verbose read json /var/folders/98/lqz4wj4971n1t0f0xcw_3lb00000gp/T/npm-33506/1374083077540-0.989962306804955/package/package.json
68 silly lockFile 1e3f7628-077540-0-989962306804955-package /var/folders/98/lqz4wj4971n1t0f0xcw_3lb00000gp/T/npm-33506/1374083077540-0.989962306804955/package
69 verbose from cache /var/folders/98/lqz4wj4971n1t0f0xcw_3lb00000gp/T/npm-33506/1374083077540-0.989962306804955/package/package.json
70 verbose tar pack [ '/Users/troytherrien/.npm/component/0.16.8/package.tgz',
70 verbose tar pack   '/var/folders/98/lqz4wj4971n1t0f0xcw_3lb00000gp/T/npm-33506/1374083077540-0.989962306804955/package' ]
71 verbose tarball /Users/troytherrien/.npm/component/0.16.8/package.tgz
72 verbose folder /var/folders/98/lqz4wj4971n1t0f0xcw_3lb00000gp/T/npm-33506/1374083077540-0.989962306804955/package
73 silly lockFile ea98ca27-npm-component-0-16-8-package-tgz /Users/troytherrien/.npm/component/0.16.8/package.tgz
74 verbose lock /Users/troytherrien/.npm/component/0.16.8/package.tgz /Users/troytherrien/.npm/ea98ca27-npm-component-0-16-8-package-tgz.lock
75 silly lockFile ea98ca27-npm-component-0-16-8-package-tgz /Users/troytherrien/.npm/component/0.16.8/package.tgz
76 silly lockFile 3a401932-ien-npm-component-0-16-8-package /Users/troytherrien/.npm/component/0.16.8/package
77 verbose lock /Users/troytherrien/.npm/component/0.16.8/package /Users/troytherrien/.npm/3a401932-ien-npm-component-0-16-8-package.lock
78 silly lockFile 3a401932-ien-npm-component-0-16-8-package /Users/troytherrien/.npm/component/0.16.8/package
79 verbose tar unpack /Users/troytherrien/.npm/component/0.16.8/package.tgz
80 silly lockFile 3a401932-ien-npm-component-0-16-8-package /Users/troytherrien/.npm/component/0.16.8/package
81 verbose lock /Users/troytherrien/.npm/component/0.16.8/package /Users/troytherrien/.npm/3a401932-ien-npm-component-0-16-8-package.lock
82 silly gunzTarPerm modes [ '755', '644' ]
83 silly gunzTarPerm extractEntry package.json
84 silly gunzTarPerm extractEntry .npmignore
85 silly gunzTarPerm extractEntry index.js
86 silly gunzTarPerm extractEntry bin/component-help
87 silly gunzTarPerm extractEntry bin/component
88 silly gunzTarPerm extractEntry bin/component-changes
89 silly gunzTarPerm extractEntry bin/component-convert
90 silly gunzTarPerm extractEntry bin/component-create
91 silly gunzTarPerm extractEntry bin/component-build
92 silly gunzTarPerm extractEntry bin/component-info
93 silly gunzTarPerm extractEntry bin/component-install
94 silly gunzTarPerm extractEntry bin/component-ls
95 silly gunzTarPerm extractEntry bin/component-search
96 silly gunzTarPerm extractEntry bin/component-wiki
97 silly gunzTarPerm extractEntry component.json
98 silly gunzTarPerm extractEntry History.md
99 silly gunzTarPerm extractEntry lib/component.js
100 silly gunzTarPerm extractEntry lib/Package.js
101 silly gunzTarPerm extractEntry lib/utils.js
102 silly gunzTarPerm extractEntry Makefile
103 silly gunzTarPerm extractEntry Readme.md
104 silly gunzTarPerm extractEntry templates/readme.js
105 silly gunzTarPerm extractEntry templates/readme.md
106 verbose read json /Users/troytherrien/.npm/component/0.16.8/package/package.json
107 silly lockFile 3a401932-ien-npm-component-0-16-8-package /Users/troytherrien/.npm/component/0.16.8/package
108 silly shasum updated bytes 17982
109 info shasum c49883ddb5f40be442e7a0b3a9cd4d288fd099cb
109 info shasum /Users/troytherrien/.npm/component/0.16.8/package.tgz
110 verbose from cache /Users/troytherrien/.npm/component/0.16.8/package/package.json
111 verbose chmod /Users/troytherrien/.npm/component/0.16.8/package.tgz 644
112 verbose chown /Users/troytherrien/.npm/component/0.16.8/package.tgz [ 502, 20 ]
113 silly lockFile 86d23ceb-g-component-component-0-16-8-tgz https://registry.npmjs.org/component/-/component-0.16.8.tgz
114 silly lockFile 351137f5-component-0-16-8 component@0.16.8
115 silly lockFile fa4251c1-component component@
116 silly resolved [ { name: 'component',
116 silly resolved     version: '0.16.8',
116 silly resolved     description: 'Component package manager consuming git repositories',
116 silly resolved     keywords: [ 'component', 'package', 'client', 'browser', 'module' ],
116 silly resolved     author: { name: 'TJ Holowaychuk', email: 'tj@vision-media.ca' },
116 silly resolved     repository: { type: 'git', url: 'git://github.com/component/component.git' },
116 silly resolved     dependencies:
116 silly resolved      { commander: '1.0.5',
116 silly resolved        mkdirp: '0.3.4',
116 silly resolved        superagent: '0.15.3',
116 silly resolved        'component-builder': '0.8.3',
116 silly resolved        'string-to-js': '0.0.1',
116 silly resolved        jog: '0.4.0',
116 silly resolved        batch: '0.3.2',
116 silly resolved        'win-fork': '1.0.0',
116 silly resolved        archy: '0.0.2',
116 silly resolved        netrc: '~0.1.0',
116 silly resolved        debug: '*',
116 silly resolved        rimraf: '~2.1.4' },
116 silly resolved     devDependencies: { express: '3.0.0', minstache: '0.0.1', mocha: '*', should: '*' },
116 silly resolved     bin:
116 silly resolved      { component: 'bin/component',
116 silly resolved        'component-info': 'bin/component-info',
116 silly resolved        'component-help': 'bin/component-help',
116 silly resolved        'component-install': 'bin/component-install',
116 silly resolved        'component-ls': 'bin/component-ls',
116 silly resolved        'component-convert': 'bin/component-convert',
116 silly resolved        'component-build': 'bin/component-build',
116 silly resolved        'component-search': 'bin/component-search',
116 silly resolved        'component-create': 'bin/component-create',
116 silly resolved        'component-changes': 'bin/component-changes',
116 silly resolved        'component-wiki': 'bin/component-wiki' },
116 silly resolved     main: 'index',
116 silly resolved     engines: { node: '>= 0.8.0' },
116 silly resolved     readme: '  ![web component logo](http://i49.tinypic.com/e7nj9v.png)\n\n  Component package manager for building a better web.\n\n## Installation\n\n  With [node](http://nodejs.org) previously installed:\n\n     $ npm install -g component\n\n  With node binary on OSX:\n\n     $ (cd /usr/local && \\\n        curl -L# http://nodejs.org/dist/v0.8.15/node-v0.8.15-darwin-x86.tar.gz \\\n        | tar -zx --strip 1) \\\n       && npm install -g component \\\n       && printf "installed component(1) %s\\n" $(component --version)\n\n  NOTE: tested with node 0.8.x\n\n## Features\n\n  - write modular commonjs components\n  - write components that include their own styles, images, scripts, or any combo\n  - no registry publishing or account required, uses github repositories\n  - extensible sub-commands via `component-YOURCOMMAND` git-style\n  - component skeleton creation command\n  - installs dependencies from the command-line or ./component.json\n  - avoid name squatting through github\'s naming conventions\n  - build your components with `--standalone` to share them with non-component(1) users\n  - discovery of useful packages is simple with a robust search\n  - view documentation from the command line\n  - simple private registry set up (all you need is a file server)\n  - very fast installs (50 components in ~4.5s)\n  - very fast search (~300ms)\n\n## Links\n\n - [List](https://github.com/component/component/wiki/Components) of all available components\n - [Wiki](https://github.com/component/component/wiki)\n - [Mailing List](https://groups.google.com/group/componentjs)\n - [Google+ Community](https://plus.google.com/u/0/communities/109771441994395167277)\n - component ["spec"](https://github.com/component/component/wiki/Spec)\n - join `#components` on freenode\n - follow [@component_js](http://twitter.com/component_js) on twitter\n - [Building better components](https://github.com/component/component/wiki/Building-better-components) tips\n - [F.A.Q](https://github.com/component/component/wiki/F.A.Q)\n\n## Screencasts\n\n - [Creating web components](https://vimeo.com/53730178)\n - [App integration introduction](https://vimeo.com/48054442)\n\n## Articles\n\n  - building a [date picker component](http://tjholowaychuk.com/post/37832588021/building-a-date-picker-component)\n  - original [component blog post](http://tjholowaychuk.com/post/27984551477/components)\n\n## Usage\n\n Via `--help`:\n\n```\n\nUsage: component <command> [options]\n\nOptions:\n\n  -h, --help     output usage information\n  -V, --version  output the version number\n\nCommands:\n\n  install [name ...]      install one or more components\n  create [dir]            create a component skeleton\n  search [query]          search with the given query\n  convert <file ...>      convert html files to js modules\n  info <name> [prop]      output json component information\n  changes <name>          output changelog contents\n  wiki                    open the components list wiki page\n  build                   build the component\n  ls                      list installed components\n\n```\n\n## Installing packages\n\n  To install one or more packages, simply pass their github\n  repo names as arguments to `component install`. Dependencies\n  are resolved and the component contents are downloaded into\n  `./components` by default. View `component help install` for details.\n\n```\n$ component install component/tip\n\n   install : component/tip@master\n       dep : component/emitter@master\n   install : component/emitter@master\n       dep : component/jquery@master\n   install : component/jquery@master\n     fetch : component/tip:index.js\n     fetch : component/tip:tip.css\n     fetch : component/tip:tip.html\n     fetch : component/emitter:index.js\n     fetch : component/jquery:index.js\n  complete : component/emitter\n  complete : component/jquery\n  complete : component/tip\n```\n\n## Searching for components\n\n  By adding your component to the [Components List](https://github.com/component/component/wiki/Components) wiki page it will become automatically available to `component-search(1)`. When invoked with no query all components are displayed, otherwise a filtered search, ordered by the number of github "stars":\n\n```\n$ component search ui\n\n  component/dialog\n  url: https://github.com/component/dialog\n  desc: Dialog component\n  ★ 12\n\n  component/notification\n  url: https://github.com/component/notification\n  desc: Notification component\n  ★ 10\n\n  component/overlay\n  url: https://github.com/component/overlay\n  desc: Overlay component\n  ★ 7\n\n```\n\n## Using GitHub as a registry\n\n  By using GitHub as the registry, `component(1)` is automatically\n  available to you without further explicit knowledge or work\n  creating a registry account etc.\n\n  A nice side-effect of this namespaced world is that dependencies\n  are explicit and self-documenting. No longer do you need to query\n  the registry for a "repo" property that may not exist, it\'s simply\n  built in to the package name, for example ["visionmedia/page.js"](https://github.com/visionmedia/page.js) rather\n  than the unclear "page".\n\n  Another benefit of this is that there are zero name collisions, for example\n  you may use "component/tip" for a dependency of "foo", and "someuser/tip"\n  as a dependency of "bar", providing `require(\'tip\')` in each. This prevents\n  obscure or irrelevant naming such as "progress", "progress2", "progress-bar",\n  "progress-component" found in npm.\n\n## Creating a component\n\n  The `component-create(1)` command can create a component\n  project skeleton for you by filling out the prompts. Once\n  this repo is published to GitHub, you\'re all done!\n\n```\nname: popover\ndescription: Popover UI component\ndoes this component have js? yes\ndoes this component have css? yes\ndoes this component have html? yes\n\n     create : popover\n     create : popover/index.js\n     create : popover/template.html\n     create : popover/popover.css\n     create : popover/Makefile\n     create : popover/Readme.md\n     create : popover/.gitignore\n     create : popover/component.json\n\n```\n\n  A `Makefile` is created for you in order to create a build of the component,\n  complete with installed dependencies simply execute `make`.\n\n## Templates\n\n  Because `component(1)` has no notion of a "template", even simple HTML files\n  should be converted to a `require()`-able module. It is recommended that public\n  components shared within the community use regular HTML templates, and regular\n  CSS stylesheets to maximize contributions, however if you wish to use alternate\n  technologies just make sure to compile them before publishing them to GitHub.\n\n  For the recommended use-case of regular HTML, the `component-convert(1)` command\n  will translate a regular HTML file to its `require()`-able JavaScript counterpart.\n\n## Developing component(1) sub-commands\n\n  `component(1)` and sub-commands are structured much like `git(1)`,\n  in that sub-commands are simply separate executables. For example\n  `$ component info pkg` and `$ component-info pkg` are equivalent.\n\n  Because of this you\'ll likely want `PATH="./bin:$PATH"` in your\n  profile or session while developing component, otherwise `./bin/component`\n  will have a hard time finding the sub-commands.\n\n## Using private components\n\n  `component(1)` uses [~/.netrc](http://man.cx/netrc(4), like other tools such as [curl](http://man.cx/curl) and [git](http://git-scm.com/), to specify credentials for remote hosts. Simply create a `~/.netrc` file in the home directory:\n\n```\nmachine raw.github.com\n  login visionmedia\n  password pass123\n```\n\n## Running tests\n\nMake sure dependencies are installed:\n\n```\n$ npm install\n```\n\nThen run:\n\n```\n$ make test\n```\n\n## Contributors\n\n  - TJ Holowaychuk\n  - Guillermo Rauch\n  - Garrett Johnson\n  - Amir Abu Shareb\n  - Adam Sanderson\n  - Matt Mueller\n  - Forbes Lindesay\n  - Arpad Borsos\n  - Dan Williams\n  - Damián Suárez\n  - Tim Oxley\n  - Jeremy Worboys\n  - Nick Jackson\n  - Cameron Bytheway\n\n## Example applications\n\n  Open source application examples:\n\n  - Example using [script tags](https://github.com/component/script-tag-example) for integrating component with existing non-commonjs applications or frameworks\n  - [Todo list](https://github.com/component/todo) example comprised of private and public components\n  - [Component.io](https://github.com/component/component.io) website\n  - [Posty](https://github.com/visionmedia/posty)\n\n## Extensions\n\n - [component-graph(1)](https://github.com/component/component-graph) dependency graphs for component projects\n\n## License\n\n(The MIT License)\n\nCopyright (c) 2012 TJ Holowaychuk &lt;tj@vision-media.ca&gt;\n\nPermission is hereby granted, free of charge, to any person obtaining\na copy of this software and associated documentation files (the\n\'Software\'), to deal in the Software without restriction, including\nwithout limitation the rights to use, copy, modify, merge, publish,\ndistribute, sublicense, and/or sell copies of the Software, and to\npermit persons to whom the Software is furnished to do so, subject to\nthe following conditions:\n\nThe above copyright notice and this permission notice shall be\nincluded in all copies or substantial portions of the Software.\n\nTHE SOFTWARE IS PROVIDED \'AS IS\', WITHOUT WARRANTY OF ANY KIND,\nEXPRESS OR IMPLIED, INCLUDING BUT NOT LIMITED TO THE WARRANTIES OF\nMERCHANTABILITY, FITNESS FOR A PARTICULAR PURPOSE AND NONINFRINGEMENT.\nIN NO EVENT SHALL THE AUTHORS OR COPYRIGHT HOLDERS BE LIABLE FOR ANY\nCLAIM, DAMAGES OR OTHER LIABILITY, WHETHER IN AN ACTION OF CONTRACT,\nTORT OR OTHERWISE, ARISING FROM, OUT OF OR IN CONNECTION WITH THE\nSOFTWARE OR THE USE OR OTHER DEALINGS IN THE SOFTWARE.\n',
116 silly resolved     readmeFilename: 'Readme.md',
116 silly resolved     _id: 'component@0.16.8',
116 silly resolved     dist: { shasum: 'c49883ddb5f40be442e7a0b3a9cd4d288fd099cb' },
116 silly resolved     _from: 'component' } ]
117 info install component@0.16.8 into /usr/local/lib
118 info installOne component@0.16.8
119 verbose from cache /Users/troytherrien/.npm/component/0.16.8/package/package.json
120 info /usr/local/lib/node_modules/component unbuild
121 verbose read json /usr/local/lib/node_modules/component/package.json
122 verbose tar unpack /Users/troytherrien/.npm/component/0.16.8/package.tgz
123 silly lockFile 4b3d58ac-local-lib-node-modules-component /usr/local/lib/node_modules/component
124 verbose lock /usr/local/lib/node_modules/component /Users/troytherrien/.npm/4b3d58ac-local-lib-node-modules-component.lock
125 silly gunzTarPerm modes [ '755', '644' ]
126 error Error: EACCES, mkdir '/usr/local/lib/node_modules/component'
126 error  { [Error: EACCES, mkdir '/usr/local/lib/node_modules/component']
126 error   errno: 3,
126 error   code: 'EACCES',
126 error   path: '/usr/local/lib/node_modules/component',
126 error   fstream_type: 'Directory',
126 error   fstream_path: '/usr/local/lib/node_modules/component',
126 error   fstream_class: 'DirWriter',
126 error   fstream_stack:
126 error    [ 'DirWriter._create (/usr/local/lib/node_modules/npm/node_modules/fstream/lib/dir-writer.js:36:23)',
126 error      '/usr/local/lib/node_modules/npm/node_modules/mkdirp/index.js:37:53',
126 error      'Object.oncomplete (fs.js:297:15)' ] }
127 error Please try running this command again as root/Administrator.
128 error System Darwin 11.4.2
129 error command "node" "/usr/local/bin/npm" "install" "-g" "component"
130 error cwd /Users/troytherrien/Insync/info@th-ey.co/Teaching/Fall 2013/Site to Site/Tutorials/RaspiSerial-Tutorial-1/A_direct_localhost
131 error node -v v0.8.15
132 error npm -v 1.1.66
133 error path /usr/local/lib/node_modules/component
134 error fstream_path /usr/local/lib/node_modules/component
135 error fstream_type Directory
136 error fstream_class DirWriter
137 error code EACCES
138 error errno 3
139 error stack Error: EACCES, mkdir '/usr/local/lib/node_modules/component'
140 error fstream_stack DirWriter._create (/usr/local/lib/node_modules/npm/node_modules/fstream/lib/dir-writer.js:36:23)
140 error fstream_stack /usr/local/lib/node_modules/npm/node_modules/mkdirp/index.js:37:53
140 error fstream_stack Object.oncomplete (fs.js:297:15)
141 verbose exit [ 3, true ]
